Build started 2/10/2014 12:41:46 AM.
     1>Project "C:\Users\christian\Documents\GSP295\GSP295_Banks_C_Week_5_iLab\GSP295_Banks_C_Week_5_iLab\GSP295_Banks_C_Week_5_iLab.vcxproj" on node 2 (build target(s)).
     1>InitializeBuildStatus:
         Creating "Debug\GSP295_Banks_C_Week_5_iLab.unsuccessfulbuild" because "AlwaysCreate" was specified.
       ClCompile:
         c:\Program Files (x86)\Microsoft Visual Studio 10.0\VC\bin\CL.exe /c /ZI /nologo /W3 /WX- /Od /Oy- /D WIN32 /D _DEBUG /D _CONSOLE /D _UNICODE /D UNICODE /Gm /EHsc /RTC1 /MDd /GS /fp:precise /Zc:wchar_t /Zc:forScope /Fo"Debug\\" /Fd"Debug\vc100.pdb" /Gd /TP /analyze- /errorReport:prompt Binary_Search_Tree.cpp
         Binary_Search_Tree.cpp
       ManifestResourceCompile:
         All outputs are up-to-date.
       Link:
         c:\Program Files (x86)\Microsoft Visual Studio 10.0\VC\bin\link.exe /ERRORREPORT:PROMPT /OUT:"C:\Users\christian\Documents\GSP295\GSP295_Banks_C_Week_5_iLab\Debug\GSP295_Banks_C_Week_5_iLab.exe" /INCREMENTAL /NOLOGO kernel32.lib user32.lib gdi32.lib winspool.lib comdlg32.lib advapi32.lib shell32.lib ole32.lib oleaut32.lib uuid.lib odbc32.lib odbccp32.lib /MANIFEST /ManifestFile:"Debug\GSP295_Banks_C_Week_5_iLab.exe.intermediate.manifest" /MANIFESTUAC:"level='asInvoker' uiAccess='false'" /DEBUG /PDB:"C:\Users\christian\Documents\GSP295\GSP295_Banks_C_Week_5_iLab\Debug\GSP295_Banks_C_Week_5_iLab.pdb" /SUBSYSTEM:CONSOLE /TLBID:1 /DYNAMICBASE /NXCOMPAT /IMPLIB:"C:\Users\christian\Documents\GSP295\GSP295_Banks_C_Week_5_iLab\Debug\GSP295_Banks_C_Week_5_iLab.lib" /MACHINE:X86 Debug\GSP295_Banks_C_Week_5_iLab.exe.embed.manifest.res
         Debug\Binary_Search_Tree.obj
         Debug\main.obj
       Manifest:
         C:\Program Files (x86)\Microsoft SDKs\Windows\v7.0A\bin\mt.exe /nologo /verbose /out:"Debug\GSP295_Banks_C_Week_5_iLab.exe.embed.manifest" /manifest Debug\GSP295_Banks_C_Week_5_iLab.exe.intermediate.manifest
         All outputs are up-to-date.
       LinkEmbedManifest:
         All outputs are up-to-date.
         GSP295_Banks_C_Week_5_iLab.vcxproj -> C:\Users\christian\Documents\GSP295\GSP295_Banks_C_Week_5_iLab\Debug\GSP295_Banks_C_Week_5_iLab.exe
       FinalizeBuildStatus:
         Deleting file "Debug\GSP295_Banks_C_Week_5_iLab.unsuccessfulbuild".
         Touching "Debug\GSP295_Banks_C_Week_5_iLab.lastbuildstate".
     1>Done Building Project "C:\Users\christian\Documents\GSP295\GSP295_Banks_C_Week_5_iLab\GSP295_Banks_C_Week_5_iLab\GSP295_Banks_C_Week_5_iLab.vcxproj" (build target(s)).

Build succeeded.

Time Elapsed 00:00:22.49
