C:\USERS\CHRISTIAN\DOCUMENTS\GSP295\GSP295_BANKS_C_WEEK_5_ILAB\DEBUG\GSP295_BANKS_C_WEEK_5_ILAB.EXE
C:\USERS\CHRISTIAN\DOCUMENTS\GSP295\GSP295_BANKS_C_WEEK_5_ILAB\DEBUG\GSP295_BANKS_C_WEEK_5_ILAB.ILK
C:\USERS\CHRISTIAN\DOCUMENTS\GSP295\GSP295_BANKS_C_WEEK_5_ILAB\DEBUG\GSP295_BANKS_C_WEEK_5_ILAB.PDB
C:\USERS\CHRISTIAN\DOCUMENTS\GSP295\GSP295_BANKS_C_WEEK_5_ILAB\GSP295_BANKS_C_WEEK_5_ILAB\DEBUG\BINARY_SEARCH_TREE.OBJ
C:\Users\christian\Documents\GSP295\GSP295_Banks_C_Week_5_iLab\GSP295_Banks_C_Week_5_iLab\Debug\cl.command.1.tlog
C:\Users\christian\Documents\GSP295\GSP295_Banks_C_Week_5_iLab\GSP295_Banks_C_Week_5_iLab\Debug\CL.read.1.tlog
C:\Users\christian\Documents\GSP295\GSP295_Banks_C_Week_5_iLab\GSP295_Banks_C_Week_5_iLab\Debug\CL.write.1.tlog
C:\USERS\CHRISTIAN\DOCUMENTS\GSP295\GSP295_BANKS_C_WEEK_5_ILAB\GSP295_BANKS_C_WEEK_5_ILAB\DEBUG\GSP295_BANKS_C_WEEK_5_ILAB.EXE.EMBED.MANIFEST
C:\USERS\CHRISTIAN\DOCUMENTS\GSP295\GSP295_BANKS_C_WEEK_5_ILAB\GSP295_BANKS_C_WEEK_5_ILAB\DEBUG\GSP295_BANKS_C_WEEK_5_ILAB.EXE.EMBED.MANIFEST.RES
C:\USERS\CHRISTIAN\DOCUMENTS\GSP295\GSP295_BANKS_C_WEEK_5_ILAB\GSP295_BANKS_C_WEEK_5_ILAB\DEBUG\GSP295_BANKS_C_WEEK_5_ILAB.EXE.INTERMEDIATE.MANIFEST
C:\Users\christian\Documents\GSP295\GSP295_Banks_C_Week_5_iLab\GSP295_Banks_C_Week_5_iLab\Debug\GSP295_Banks_C_Week_5_iLab_manifest.rc
C:\Users\christian\Documents\GSP295\GSP295_Banks_C_Week_5_iLab\GSP295_Banks_C_Week_5_iLab\Debug\link.4384.read.1.tlog
C:\Users\christian\Documents\GSP295\GSP295_Banks_C_Week_5_iLab\GSP295_Banks_C_Week_5_iLab\Debug\link.4384.write.1.tlog
C:\Users\christian\Documents\GSP295\GSP295_Banks_C_Week_5_iLab\GSP295_Banks_C_Week_5_iLab\Debug\link.4384-cvtres.read.1.tlog
C:\Users\christian\Documents\GSP295\GSP295_Banks_C_Week_5_iLab\GSP295_Banks_C_Week_5_iLab\Debug\link.4384-cvtres.write.1.tlog
C:\Users\christian\Documents\GSP295\GSP295_Banks_C_Week_5_iLab\GSP295_Banks_C_Week_5_iLab\Debug\link.command.1.tlog
C:\Users\christian\Documents\GSP295\GSP295_Banks_C_Week_5_iLab\GSP295_Banks_C_Week_5_iLab\Debug\link.read.1.tlog
C:\Users\christian\Documents\GSP295\GSP295_Banks_C_Week_5_iLab\GSP295_Banks_C_Week_5_iLab\Debug\link.write.1.tlog
C:\Users\christian\Documents\GSP295\GSP295_Banks_C_Week_5_iLab\GSP295_Banks_C_Week_5_iLab\Debug\link-cvtres.read.1.tlog
C:\Users\christian\Documents\GSP295\GSP295_Banks_C_Week_5_iLab\GSP295_Banks_C_Week_5_iLab\Debug\link-cvtres.write.1.tlog
C:\USERS\CHRISTIAN\DOCUMENTS\GSP295\GSP295_BANKS_C_WEEK_5_ILAB\GSP295_BANKS_C_WEEK_5_ILAB\DEBUG\MAIN.OBJ
C:\Users\christian\Documents\GSP295\GSP295_Banks_C_Week_5_iLab\GSP295_Banks_C_Week_5_iLab\Debug\mt.command.1.tlog
C:\Users\christian\Documents\GSP295\GSP295_Banks_C_Week_5_iLab\GSP295_Banks_C_Week_5_iLab\Debug\mt.read.1.tlog
C:\Users\christian\Documents\GSP295\GSP295_Banks_C_Week_5_iLab\GSP295_Banks_C_Week_5_iLab\Debug\mt.write.1.tlog
C:\Users\christian\Documents\GSP295\GSP295_Banks_C_Week_5_iLab\GSP295_Banks_C_Week_5_iLab\Debug\rc.command.1.tlog
C:\Users\christian\Documents\GSP295\GSP295_Banks_C_Week_5_iLab\GSP295_Banks_C_Week_5_iLab\Debug\rc.read.1.tlog
C:\Users\christian\Documents\GSP295\GSP295_Banks_C_Week_5_iLab\GSP295_Banks_C_Week_5_iLab\Debug\rc.write.1.tlog
C:\Users\christian\Documents\GSP295\GSP295_Banks_C_Week_5_iLab\GSP295_Banks_C_Week_5_iLab\Debug\vc100.idb
C:\USERS\CHRISTIAN\DOCUMENTS\GSP295\GSP295_BANKS_C_WEEK_5_ILAB\GSP295_BANKS_C_WEEK_5_ILAB\DEBUG\VC100.PDB
